<?xml version="1.0" encoding="UTF-8"?>
<testng-results ignored="0" total="1" passed="1" failed="0" skipped="0">
  <reporter-output>
  </reporter-output>
  <suite started-at="2024-07-06T18:31:59 IST" name="Default suite" finished-at="2024-07-06T18:32:18 IST" duration-ms="19373">
    <groups>
    </groups>
    <test started-at="2024-07-06T18:31:59 IST" name="Default test" finished-at="2024-07-06T18:32:18 IST" duration-ms="19373">
      <class name="snapdeal.search_product">
        <test-method is-config="true" signature="bt()[pri:0, instance:snapdeal.search_product@5d534f5d]" started-at="2024-07-06T18:31:59 IST" name="bt" finished-at="2024-07-06T18:32:10 IST" duration-ms="10856" status="PASS">
          <reporter-output>
          </reporter-output>
        </test-method> <!-- bt -->
        <test-method signature="signup()[pri:0, instance:snapdeal.search_product@5d534f5d]" started-at="2024-07-06T18:32:10 IST" name="signup" finished-at="2024-07-06T18:32:15 IST" duration-ms="5494" status="PASS">
          <reporter-output>
          </reporter-output>
        </test-method> <!-- signup -->
        <test-method is-config="true" signature="colse()[pri:0, instance:snapdeal.search_product@5d534f5d]" started-at="2024-07-06T18:32:15 IST" name="colse" finished-at="2024-07-06T18:32:18 IST" duration-ms="2908" status="PASS">
          <reporter-output>
          </reporter-output>
        </test-method> <!-- colse -->
      </class> <!-- snapdeal.search_product -->
    </test> <!-- Default test -->
  </suite> <!-- Default suite -->
</testng-results>
